<?xml version="1.0" encoding="UTF-8"?>
<testng-results skipped="0" failed="1" ignored="0" total="2" passed="1">
  <reporter-output>
  </reporter-output>
  <suite name="Default suite" duration-ms="8213" started-at="2022-02-25T03:30:14 UTC" finished-at="2022-02-25T03:30:22 UTC">
    <groups>
    </groups>
    <test name="Default test" duration-ms="8213" started-at="2022-02-25T03:30:14 UTC" finished-at="2022-02-25T03:30:22 UTC">
      <class name="com.testng.SearchTest">
        <test-method status="PASS" signature="loadRedBus()[pri:0, instance:com.testng.SearchTest@33c7e1bb]" name="loadRedBus" is-config="true" duration-ms="7497" started-at="2022-02-25T03:30:14 UTC" finished-at="2022-02-25T03:30:21 UTC">
          <reporter-output>
          </reporter-output>
        </test-method> <!-- loadRedBus -->
        <test-method status="PASS" signature="searchBus()[pri:1, instance:com.testng.SearchTest@33c7e1bb]" name="searchBus" duration-ms="423" started-at="2022-02-25T03:30:21 UTC" finished-at="2022-02-25T03:30:22 UTC">
          <reporter-output>
          </reporter-output>
        </test-method> <!-- searchBus -->
        <test-method status="FAIL" signature="selectDateCal()[pri:2, instance:com.testng.SearchTest@33c7e1bb]" name="selectDateCal" duration-ms="133" started-at="2022-02-25T03:30:22 UTC" finished-at="2022-02-25T03:30:22 UTC">
          <exception class="java.lang.ArrayIndexOutOfBoundsException">
            <message>
              <![CDATA[1]]>
            </message>
            <full-stacktrace>
              <![CDATA[java.lang.ArrayIndexOutOfBoundsException: 1
at com.testng.SearchTest.selectDateCal(SearchTest.java:71)
at sun.reflect.NativeMethodAccessorImpl.invoke0(Native Method)
at sun.reflect.NativeMethodAccessorImpl.invoke(NativeMethodAccessorImpl.java:62)
at sun.reflect.DelegatingMethodAccessorImpl.invoke(DelegatingMethodAccessorImpl.java:43)
at java.lang.reflect.Method.invoke(Method.java:498)
at org.testng.internal.MethodInvocationHelper.invokeMethod(MethodInvocationHelper.java:133)
at org.testng.internal.TestInvoker.invokeMethod(TestInvoker.java:598)
at org.testng.internal.TestInvoker.invokeTestMethod(TestInvoker.java:173)
at org.testng.internal.MethodRunner.runInSequence(MethodRunner.java:46)
at org.testng.internal.TestInvoker$MethodInvocationAgent.invoke(TestInvoker.java:824)
at org.testng.internal.TestInvoker.invokeTestMethods(TestInvoker.java:146)
at org.testng.internal.TestMethodWorker.invokeTestMethods(TestMethodWorker.java:146)
at org.testng.internal.TestMethodWorker.run(TestMethodWorker.java:128)
at java.util.ArrayList.forEach(ArrayList.java:1259)
at org.testng.TestRunner.privateRun(TestRunner.java:794)
at org.testng.TestRunner.run(TestRunner.java:596)
at org.testng.SuiteRunner.runTest(SuiteRunner.java:377)
at org.testng.SuiteRunner.runSequentially(SuiteRunner.java:371)
at org.testng.SuiteRunner.privateRun(SuiteRunner.java:332)
at org.testng.SuiteRunner.run(SuiteRunner.java:276)
at org.testng.SuiteRunnerWorker.runSuite(SuiteRunnerWorker.java:53)
at org.testng.SuiteRunnerWorker.run(SuiteRunnerWorker.java:96)
at org.testng.TestNG.runSuitesSequentially(TestNG.java:1212)
at org.testng.TestNG.runSuitesLocally(TestNG.java:1134)
at org.testng.TestNG.runSuites(TestNG.java:1063)
at org.testng.TestNG.run(TestNG.java:1031)
at org.testng.remote.AbstractRemoteTestNG.run(AbstractRemoteTestNG.java:115)
at org.testng.remote.RemoteTestNG.initAndRun(RemoteTestNG.java:251)
at org.testng.remote.RemoteTestNG.main(RemoteTestNG.java:77)
]]>
            </full-stacktrace>
          </exception> <!-- java.lang.ArrayIndexOutOfBoundsException -->
          <reporter-output>
          </reporter-output>
        </test-method> <!-- selectDateCal -->
        <test-method status="PASS" signature="closeBrowser()[pri:0, instance:com.testng.SearchTest@33c7e1bb]" name="closeBrowser" is-config="true" duration-ms="121" started-at="2022-02-25T03:30:22 UTC" finished-at="2022-02-25T03:30:22 UTC">
          <reporter-output>
          </reporter-output>
        </test-method> <!-- closeBrowser -->
      </class> <!-- com.testng.SearchTest -->
    </test> <!-- Default test -->
  </suite> <!-- Default suite -->
</testng-results>
